<?xml version="1.0" encoding="UTF-8"?>
<testng-results skipped="0" failed="0" ignored="0" total="1" passed="1">
  <reporter-output>
  </reporter-output>
  <suite name="Default Suite" duration-ms="8201" started-at="2017-12-27T13:45:42Z" finished-at="2017-12-27T13:45:50Z">
    <groups>
    </groups>
    <test name="bootcamp" duration-ms="8201" started-at="2017-12-27T13:45:42Z" finished-at="2017-12-27T13:45:50Z">
      <class name="exercises.WebDriverTest">
        <test-method status="PASS" signature="loginSuccesfull()[pri:0, instance:exercises.WebDriverTest@ea4a92b]" name="loginSuccesfull" duration-ms="8185" started-at="2017-12-27T14:45:42Z" finished-at="2017-12-27T14:45:50Z">
          <reporter-output>
          </reporter-output>
        </test-method> <!-- loginSuccesfull -->
      </class> <!-- exercises.WebDriverTest -->
    </test> <!-- bootcamp -->
  </suite> <!-- Default Suite -->
</testng-results>
